Arguments: 
  D:\Program Files\nodejs\node.exe C:\Users\baoyubo\AppData\Roaming\npm\node_modules\yarn\bin\yarn.js

PATH: 
  D:\project\freeSpace\little-helper\node_modules\.bin;D:\project\freeSpace\node_modules\.bin;D:\project\node_modules\.bin;D:\node_modules\.bin;D:\Program Files\nodejs;C:\Program Files (x86)\Common Files\Oracle\Java\javapath;C:\Windows\system32;C:\Windows;C:\Windows\System32\Wbem;C:\Windows\System32\WindowsPowerShell\v1.0\;C:\Windows\System32\OpenSSH\;C:\Program Files\TortoiseSVN\bin;D:\Program Files\Git\cmd;D:\Program Files\Java\jdk1.8.0_181\bin;D:\Program Files\Java\jdk1.8.0_181\jre\bin;D:\Program Files\PLSQL13\instantclient_11_2;D:\Program Files\Java\apache-maven-3.6.1\bin;D:\Program Files\nodejs\;D:\Program Files\PuTTY\;C:\Users\baoyubo\AppData\Local\Microsoft\WindowsApps;;D:\Users\baoyubo\AppData\Local\Programs\Microsoft VS Code\bin;C:\Users\baoyubo\AppData\Roaming\npm

Yarn version: 
  1.16.0

Node version: 
  10.15.1

Platform: 
  win32 x64

Trace: 
  Error: https://registry.yarnpkg.com/is-arrayish/-/is-arrayish-0.3.2.tgz: unexpected end of file
      at Zlib.zlibOnError [as onerror] (zlib.js:154:17)

npm manifest: 
  {
    "name": "little-helper",
    "version": "0.1.0",
    "private": true,
    "devDependencies": {
      "@vue/cli-plugin-babel": "^3.8.0",
      "@vue/cli-plugin-eslint": "^3.8.0",
      "@vue/cli-service": "^3.8.0"
    }
  }

yarn manifest: 
  No manifest

Lockfile: 
  No lockfile
